Copyright 1986-2019 Xilinx, Inc. All Rights Reserved.
----------------------------------------------------------------------------------------------------------------------------------------------------------------------
| Tool Version     : Vivado v.2019.1 (win64) Build 2552052 Fri May 24 14:49:42 MDT 2019
| Date             : Sat Dec 14 18:28:33 2019
| Host             : DESKTOP-6III1EH running 64-bit major release  (build 9200)
| Command          : report_power -file design_1_wrapper_power_routed.rpt -pb design_1_wrapper_power_summary_routed.pb -rpx design_1_wrapper_power_routed.rpx
| Design           : design_1_wrapper
| Device           : xc7z010clg400-1
| Design State     : routed
| Grade            : commercial
| Process          : typical
| Characterization : Production
----------------------------------------------------------------------------------------------------------------------------------------------------------------------

Power Report

Table of Contents
-----------------
1. Summary
1.1 On-Chip Components
1.2 Power Supply Summary
1.3 Confidence Level
2. Settings
2.1 Environment
2.2 Clock Constraints
3. Detailed Reports
3.1 By Hierarchy

1. Summary
----------

+--------------------------+--------------+
| Total On-Chip Power (W)  | 1.796        |
| Design Power Budget (W)  | Unspecified* |
| Power Budget Margin (W)  | NA           |
| Dynamic (W)              | 1.670        |
| Device Static (W)        | 0.126        |
| Effective TJA (C/W)      | 11.5         |
| Max Ambient (C)          | 64.3         |
| Junction Temperature (C) | 45.7         |
| Confidence Level         | Low          |
| Setting File             | ---          |
| Simulation Activity File | ---          |
| Design Nets Matched      | NA           |
+--------------------------+--------------+
* Specify Design Power Budget using, set_operating_conditions -design_power_budget <value in Watts>


1.1 On-Chip Components
----------------------

+--------------------------+-----------+----------+-----------+-----------------+
| On-Chip                  | Power (W) | Used     | Available | Utilization (%) |
+--------------------------+-----------+----------+-----------+-----------------+
| Clocks                   |     0.014 |        8 |       --- |             --- |
| Slice Logic              |     0.005 |    17131 |       --- |             --- |
|   LUT as Logic           |     0.004 |     5193 |     17600 |           29.51 |
|   Register               |    <0.001 |     8562 |     35200 |           24.32 |
|   CARRY4                 |    <0.001 |      196 |      4400 |            4.45 |
|   LUT as Distributed RAM |    <0.001 |      430 |      6000 |            7.17 |
|   BUFG                   |    <0.001 |        1 |        32 |            3.13 |
|   LUT as Shift Register  |    <0.001 |      244 |      6000 |            4.07 |
|   F7/F8 Muxes            |    <0.001 |        6 |     17600 |            0.03 |
|   Others                 |     0.000 |      786 |       --- |             --- |
| Signals                  |     0.006 |    11810 |       --- |             --- |
| Block RAM                |     0.002 |        7 |        60 |           11.67 |
| MMCM                     |     0.106 |        1 |         2 |           50.00 |
| I/O                      |     0.137 |       24 |       100 |           24.00 |
| PS7                      |     1.401 |        1 |       --- |             --- |
| Static Power             |     0.126 |          |           |                 |
| Total                    |     1.796 |          |           |                 |
+--------------------------+-----------+----------+-----------+-----------------+


1.2 Power Supply Summary
------------------------

+-----------+-------------+-----------+-------------+------------+
| Source    | Voltage (V) | Total (A) | Dynamic (A) | Static (A) |
+-----------+-------------+-----------+-------------+------------+
| Vccint    |       1.000 |     0.035 |       0.027 |      0.008 |
| Vccaux    |       1.800 |     0.067 |       0.059 |      0.008 |
| Vcco33    |       3.300 |     0.042 |       0.041 |      0.001 |
| Vcco25    |       2.500 |     0.000 |       0.000 |      0.000 |
| Vcco18    |       1.800 |     0.000 |       0.000 |      0.000 |
| Vcco15    |       1.500 |     0.000 |       0.000 |      0.000 |
| Vcco135   |       1.350 |     0.000 |       0.000 |      0.000 |
| Vcco12    |       1.200 |     0.000 |       0.000 |      0.000 |
| Vccaux_io |       1.800 |     0.000 |       0.000 |      0.000 |
| Vccbram   |       1.000 |     0.001 |       0.000 |      0.001 |
| MGTAVcc   |       1.000 |     0.000 |       0.000 |      0.000 |
| MGTAVtt   |       1.200 |     0.000 |       0.000 |      0.000 |
| MGTVccaux |       1.800 |     0.000 |       0.000 |      0.000 |
| Vccpint   |       1.000 |     0.751 |       0.719 |      0.031 |
| Vccpaux   |       1.800 |     0.061 |       0.051 |      0.010 |
| Vccpll    |       1.800 |     0.017 |       0.014 |      0.003 |
| Vcco_ddr  |       1.350 |     0.413 |       0.411 |      0.002 |
| Vcco_mio0 |       3.300 |     0.003 |       0.002 |      0.001 |
| Vcco_mio1 |       1.800 |     0.003 |       0.002 |      0.001 |
| Vccadc    |       1.800 |     0.020 |       0.000 |      0.020 |
+-----------+-------------+-----------+-------------+------------+


1.3 Confidence Level
--------------------

+-----------------------------+------------+--------------------------------------------------------+------------------------------------------------------------------------------------------------------------+
| User Input Data             | Confidence | Details                                                | Action                                                                                                     |
+-----------------------------+------------+--------------------------------------------------------+------------------------------------------------------------------------------------------------------------+
| Design implementation state | High       | Design is routed                                       |                                                                                                            |
| Clock nodes activity        | High       | User specified more than 95% of clocks                 |                                                                                                            |
| I/O nodes activity          | Low        | More than 75% of inputs are missing user specification | Provide missing input activity with simulation results or by editing the "By Resource Type -> I/Os" view   |
| Internal nodes activity     | Medium     | User specified less than 25% of internal nodes         | Provide missing internal nodes activity with simulation results or by editing the "By Resource Type" views |
| Device models               | High       | Device models are Production                           |                                                                                                            |
|                             |            |                                                        |                                                                                                            |
| Overall confidence level    | Low        |                                                        |                                                                                                            |
+-----------------------------+------------+--------------------------------------------------------+------------------------------------------------------------------------------------------------------------+


2. Settings
-----------

2.1 Environment
---------------

+-----------------------+------------------------+
| Ambient Temp (C)      | 25.0                   |
| ThetaJA (C/W)         | 11.5                   |
| Airflow (LFM)         | 250                    |
| Heat Sink             | none                   |
| ThetaSA (C/W)         | 0.0                    |
| Board Selection       | medium (10"x10")       |
| # of Board Layers     | 8to11 (8 to 11 Layers) |
| Board Temperature (C) | 25.0                   |
+-----------------------+------------------------+


2.2 Clock Constraints
---------------------

+--------------------------------+-------------------------------------------------------------+-----------------+
| Clock                          | Domain                                                      | Constraint (ns) |
+--------------------------------+-------------------------------------------------------------+-----------------+
| clk_fpga_0                     | design_1_i/processing_system7_0/inst/FCLK_CLK0              |            20.0 |
| clk_fpga_0                     | design_1_i/processing_system7_0/inst/FCLK_CLK_unbuffered[0] |            20.0 |
| clk_fpga_1                     | design_1_i/processing_system7_0/inst/FCLK_CLK_unbuffered[1] |            42.0 |
| clkfbout_design_1_clk_wiz_0_0  | design_1_i/clk_wiz_0/inst/clkfbout_design_1_clk_wiz_0_0     |            20.0 |
| pClk_design_1_clk_wiz_0_0      | design_1_i/clk_wiz_0/inst/pClk_design_1_clk_wiz_0_0         |            40.0 |
| serialClk_design_1_clk_wiz_0_0 | design_1_i/clk_wiz_0/inst/serialClk_design_1_clk_wiz_0_0    |             8.0 |
+--------------------------------+-------------------------------------------------------------+-----------------+


3. Detailed Reports
-------------------

3.1 By Hierarchy
----------------

+--------------------------+-----------+
| Name                     | Power (W) |
+--------------------------+-----------+
| design_1_wrapper         |     1.670 |
|   design_1_i             |     1.664 |
|     axi_smc              |     0.011 |
|       inst               |     0.011 |
|     axi_vdma_0           |     0.010 |
|       U0                 |     0.010 |
|     clk_wiz_0            |     0.106 |
|       inst               |     0.106 |
|     processing_system7_0 |     1.401 |
|       inst               |     1.401 |
|     ps7_0_axi_periph     |     0.002 |
|       s00_couplers       |     0.002 |
|     rgb2dvi_0            |     0.132 |
|       U0                 |     0.132 |
|     v_axi4s_vid_out_0    |     0.001 |
|       inst               |     0.001 |
|     v_vid_in_axi4s_0     |     0.001 |
|       inst               |     0.001 |
+--------------------------+-----------+


