#-----------------------------------------------------------
# Vivado v2019.1 (64-bit)
# SW Build 2552052 on Fri May 24 14:49:42 MDT 2019
# IP Build 2548770 on Fri May 24 18:01:18 MDT 2019
# Start of session at: Sat Dec 14 19:47:47 2019
# Process ID: 9816
# Current directory: D:/VerilogCode/Project_Final
# Command line: vivado.exe -gui_launcher_event rodinguilauncherevent11192 D:\VerilogCode\Project_Final\Project_Final.xpr
# Log file: D:/VerilogCode/Project_Final/vivado.log
# Journal file: D:/VerilogCode/Project_Final\vivado.jou
#-----------------------------------------------------------
start_gui
open_project D:/VerilogCode/Project_Final/Project_Final.xpr
Scanning sources...
Finished scanning sources
INFO: [IP_Flow 19-234] Refreshing IP repositories
INFO: [IP_Flow 19-1700] Loaded user IP repository 'd:/VerilogCode/vivado-library-2016.4-1'.
INFO: [IP_Flow 19-1700] Loaded user IP repository 'd:/VerilogCode/ov2s'.
INFO: [IP_Flow 19-2313] Loaded Vivado IP repository 'D:/Vivado2019.1/vivado/Vivado/2019.1/data/ip'.
open_project: Time (s): cpu = 00:00:35 ; elapsed = 00:01:11 . Memory (MB): peak = 804.270 ; gain = 222.254
update_compile_order -fileset sources_1
launch_sdk -workspace D:/VerilogCode/Project_Final/Project_Final.sdk -hwspec D:/VerilogCode/Project_Final/Project_Final.sdk/design_1_wrapper.hdf
INFO: [Vivado 12-393] Launching SDK...
INFO: [Vivado 12-417] Running xsdk -workspace D:/VerilogCode/Project_Final/Project_Final.sdk -hwspec D:/VerilogCode/Project_Final/Project_Final.sdk/design_1_wrapper.hdf
INFO: [Vivado 12-3157] SDK launch initiated. Please check console for any further messages.
exit
INFO: [Common 17-206] Exiting Vivado at Sat Dec 14 21:21:37 2019...
